{"/Users/vlddlv/react-text-annotation/src/functions.tsx": {"path":"/Users/vlddlv/react-text-annotation/src/functions.tsx","statementMap":{"0":{"start":{"line":1,"column":0},"end":{"line":1,"column":34}},"1":{"start":{"line":4,"column":32},"end":{"line":33,"column":1}},"2":{"start":{"line":5,"column":16},"end":{"line":5,"column":17}},"3":{"start":{"line":6,"column":26},"end":{"line":6,"column":28}},"4":{"start":{"line":8,"column":2},"end":{"line":23,"column":3}},"5":{"start":{"line":8,"column":46},"end":{"line":8,"column":53}},"6":{"start":{"line":9,"column":27},"end":{"line":9,"column":33}},"7":{"start":{"line":10,"column":4},"end":{"line":16,"column":5}},"8":{"start":{"line":11,"column":6},"end":{"line":15,"column":null}},"9":{"start":{"line":17,"column":4},"end":{"line":21,"column":null}},"10":{"start":{"line":22,"column":4},"end":{"line":22,"column":null}},"11":{"start":{"line":24,"column":2},"end":{"line":30,"column":3}},"12":{"start":{"line":25,"column":4},"end":{"line":29,"column":null}},"13":{"start":{"line":32,"column":2},"end":{"line":32,"column":null}},"14":{"start":{"line":4,"column":13},"end":{"line":4,"column":32}},"15":{"start":{"line":35,"column":38},"end":{"line":69,"column":1}},"16":{"start":{"line":36,"column":16},"end":{"line":36,"column":17}},"17":{"start":{"line":37,"column":26},"end":{"line":37,"column":28}},"18":{"start":{"line":39,"column":2},"end":{"line":57,"column":3}},"19":{"start":{"line":39,"column":46},"end":{"line":39,"column":53}},"20":{"start":{"line":40,"column":27},"end":{"line":40,"column":33}},"21":{"start":{"line":41,"column":4},"end":{"line":50,"column":5}},"22":{"start":{"line":42,"column":6},"end":{"line":49,"column":7}},"23":{"start":{"line":42,"column":19},"end":{"line":42,"column":26}},"24":{"start":{"line":43,"column":8},"end":{"line":48,"column":null}},"25":{"start":{"line":51,"column":4},"end":{"line":55,"column":null}},"26":{"start":{"line":56,"column":4},"end":{"line":56,"column":null}},"27":{"start":{"line":59,"column":2},"end":{"line":66,"column":3}},"28":{"start":{"line":59,"column":15},"end":{"line":59,"column":22}},"29":{"start":{"line":60,"column":4},"end":{"line":65,"column":null}},"30":{"start":{"line":68,"column":2},"end":{"line":68,"column":null}},"31":{"start":{"line":35,"column":13},"end":{"line":35,"column":38}},"32":{"start":{"line":71,"column":32},"end":{"line":78,"column":1}},"33":{"start":{"line":72,"column":17},"end":{"line":72,"column":18}},"34":{"start":{"line":73,"column":2},"end":{"line":75,"column":3}},"35":{"start":{"line":74,"column":4},"end":{"line":74,"column":81}},"36":{"start":{"line":77,"column":2},"end":{"line":77,"column":null}},"37":{"start":{"line":71,"column":13},"end":{"line":71,"column":32}},"38":{"start":{"line":80,"column":36},"end":{"line":96,"column":1}},"39":{"start":{"line":81,"column":2},"end":{"line":81,"column":null}},"40":{"start":{"line":81,"column":35},"end":{"line":81,"column":null}},"41":{"start":{"line":83,"column":17},"end":{"line":83,"column":18}},"42":{"start":{"line":84,"column":2},"end":{"line":86,"column":3}},"43":{"start":{"line":85,"column":4},"end":{"line":85,"column":81}},"44":{"start":{"line":88,"column":17},"end":{"line":88,"column":22}},"45":{"start":{"line":89,"column":2},"end":{"line":93,"column":null}},"46":{"start":{"line":93,"column":4},"end":{"line":93,"column":null}},"47":{"start":{"line":95,"column":2},"end":{"line":95,"column":null}},"48":{"start":{"line":80,"column":13},"end":{"line":80,"column":36}}},"fnMap":{"0":{"name":"(anonymous_1)","decl":{"start":{"line":4,"column":32},"end":{"line":4,"column":33}},"loc":{"start":{"line":4,"column":92},"end":{"line":33,"column":1}}},"1":{"name":"(anonymous_2)","decl":{"start":{"line":8,"column":39},"end":{"line":8,"column":40}},"loc":{"start":{"line":8,"column":46},"end":{"line":8,"column":53}}},"2":{"name":"(anonymous_3)","decl":{"start":{"line":35,"column":38},"end":{"line":35,"column":39}},"loc":{"start":{"line":35,"column":100},"end":{"line":69,"column":1}}},"3":{"name":"(anonymous_4)","decl":{"start":{"line":39,"column":39},"end":{"line":39,"column":40}},"loc":{"start":{"line":39,"column":46},"end":{"line":39,"column":53}}},"4":{"name":"(anonymous_5)","decl":{"start":{"line":71,"column":32},"end":{"line":71,"column":33}},"loc":{"start":{"line":71,"column":57},"end":{"line":78,"column":1}}},"5":{"name":"(anonymous_6)","decl":{"start":{"line":80,"column":36},"end":{"line":80,"column":37}},"loc":{"start":{"line":80,"column":61},"end":{"line":96,"column":1}}}},"branchMap":{"0":{"loc":{"start":{"line":10,"column":4},"end":{"line":16,"column":5}},"type":"if","locations":[{"start":{"line":10,"column":4},"end":{"line":16,"column":5}}]},"1":{"loc":{"start":{"line":24,"column":2},"end":{"line":30,"column":3}},"type":"if","locations":[{"start":{"line":24,"column":2},"end":{"line":30,"column":3}}]},"2":{"loc":{"start":{"line":41,"column":4},"end":{"line":50,"column":5}},"type":"if","locations":[{"start":{"line":41,"column":4},"end":{"line":50,"column":5}}]},"3":{"loc":{"start":{"line":73,"column":2},"end":{"line":75,"column":3}},"type":"if","locations":[{"start":{"line":73,"column":2},"end":{"line":75,"column":3}}]},"4":{"loc":{"start":{"line":73,"column":6},"end":{"line":73,"column":49}},"type":"binary-expr","locations":[{"start":{"line":73,"column":6},"end":{"line":73,"column":26}},{"start":{"line":73,"column":30},"end":{"line":73,"column":49}}]},"5":{"loc":{"start":{"line":77,"column":9},"end":{"line":77,"column":75}},"type":"binary-expr","locations":[{"start":{"line":77,"column":9},"end":{"line":77,"column":23}},{"start":{"line":77,"column":27},"end":{"line":77,"column":75}}]},"6":{"loc":{"start":{"line":81,"column":2},"end":{"line":81,"column":null}},"type":"if","locations":[{"start":{"line":81,"column":2},"end":{"line":81,"column":null}}]},"7":{"loc":{"start":{"line":84,"column":2},"end":{"line":86,"column":3}},"type":"if","locations":[{"start":{"line":84,"column":2},"end":{"line":86,"column":3}}]},"8":{"loc":{"start":{"line":84,"column":6},"end":{"line":84,"column":49}},"type":"binary-expr","locations":[{"start":{"line":84,"column":6},"end":{"line":84,"column":26}},{"start":{"line":84,"column":30},"end":{"line":84,"column":49}}]},"9":{"loc":{"start":{"line":89,"column":2},"end":{"line":93,"column":null}},"type":"if","locations":[{"start":{"line":89,"column":2},"end":{"line":93,"column":null}}]},"10":{"loc":{"start":{"line":90,"column":4},"end":{"line":91,"column":49}},"type":"binary-expr","locations":[{"start":{"line":90,"column":5},"end":{"line":90,"column":14}},{"start":{"line":90,"column":18},"end":{"line":90,"column":64}},{"start":{"line":91,"column":4},"end":{"line":91,"column":49}}]}},"s":{"0":2,"1":2,"2":6,"3":6,"4":6,"5":3,"6":3,"7":3,"8":1,"9":3,"10":3,"11":6,"12":6,"13":6,"14":2,"15":2,"16":2,"17":2,"18":2,"19":3,"20":3,"21":3,"22":2,"23":2,"24":2,"25":3,"26":3,"27":2,"28":2,"29":1,"30":2,"31":2,"32":2,"33":8,"34":8,"35":7,"36":8,"37":2,"38":2,"39":5,"40":1,"41":4,"42":4,"43":4,"44":4,"45":4,"46":2,"47":4,"48":2},"f":{"0":6,"1":3,"2":2,"3":3,"4":8,"5":5},"b":{"0":[1],"1":[6],"2":[2],"3":[7],"4":[8,7],"5":[8,6],"6":[1],"7":[4],"8":[4,4],"9":[2],"10":[4,3,2]}}
,"/Users/vlddlv/react-text-annotation/src/components/Mark.tsx": {"path":"/Users/vlddlv/react-text-annotation/src/components/Mark.tsx","statementMap":{"0":{"start":{"line":4,"column":34},"end":{"line":19,"column":1}},"1":{"start":{"line":5,"column":70},"end":{"line":5,"column":75}},"2":{"start":{"line":7,"column":2},"end":{"line":18,"column":null}},"3":{"start":{"line":13,"column":21},"end":{"line":13,"column":44}},"4":{"start":{"line":21,"column":0},"end":{"line":21,"column":null}}},"fnMap":{"0":{"name":"(anonymous_0)","decl":{"start":{"line":4,"column":34},"end":{"line":4,"column":35}},"loc":{"start":{"line":4,"column":44},"end":{"line":19,"column":1}}},"1":{"name":"(anonymous_1)","decl":{"start":{"line":13,"column":15},"end":{"line":13,"column":18}},"loc":{"start":{"line":13,"column":21},"end":{"line":13,"column":44}}}},"branchMap":{"0":{"loc":{"start":{"line":10,"column":32},"end":{"line":10,"column":60}},"type":"binary-expr","locations":[{"start":{"line":10,"column":32},"end":{"line":10,"column":47}},{"start":{"line":10,"column":51},"end":{"line":10,"column":60}}]}},"s":{"0":1,"1":1,"2":1,"3":1,"4":1},"f":{"0":1,"1":1},"b":{"0":[1,0]}}
,"/Users/vlddlv/react-text-annotation/src/components/Splitter.tsx": {"path":"/Users/vlddlv/react-text-annotation/src/components/Splitter.tsx","statementMap":{"0":{"start":{"line":2,"column":0},"end":{"line":2,"column":25}},"1":{"start":{"line":5,"column":42},"end":{"line":17,"column":1}},"2":{"start":{"line":6,"column":4},"end":{"line":6,"column":null}},"3":{"start":{"line":6,"column":20},"end":{"line":6,"column":null}},"4":{"start":{"line":8,"column":4},"end":{"line":16,"column":null}},"5":{"start":{"line":12,"column":27},"end":{"line":12,"column":80}},"6":{"start":{"line":19,"column":0},"end":{"line":19,"column":null}}},"fnMap":{"0":{"name":"(anonymous_1)","decl":{"start":{"line":5,"column":42},"end":{"line":5,"column":43}},"loc":{"start":{"line":5,"column":67},"end":{"line":17,"column":1}}},"1":{"name":"(anonymous_2)","decl":{"start":{"line":12,"column":21},"end":{"line":12,"column":24}},"loc":{"start":{"line":12,"column":27},"end":{"line":12,"column":80}}}},"branchMap":{"0":{"loc":{"start":{"line":6,"column":4},"end":{"line":6,"column":null}},"type":"if","locations":[{"start":{"line":6,"column":4},"end":{"line":6,"column":null}}]}},"s":{"0":2,"1":2,"2":9,"3":2,"4":7,"5":1,"6":2},"f":{"0":9,"1":1},"b":{"0":[2]}}
,"/Users/vlddlv/react-text-annotation/src/components/TextWrapper.tsx": {"path":"/Users/vlddlv/react-text-annotation/src/components/TextWrapper.tsx","statementMap":{"0":{"start":{"line":2,"column":0},"end":{"line":2,"column":36}},"1":{"start":{"line":3,"column":0},"end":{"line":3,"column":87}},"2":{"start":{"line":5,"column":0},"end":{"line":5,"column":33}},"3":{"start":{"line":7,"column":18},"end":{"line":13,"column":null}},"4":{"start":{"line":10,"column":37},"end":{"line":10,"column":58}},"5":{"start":{"line":15,"column":60},"end":{"line":75,"column":1}},"6":{"start":{"line":17,"column":24},"end":{"line":56,"column":3}},"7":{"start":{"line":18,"column":4},"end":{"line":18,"column":31}},"8":{"start":{"line":18,"column":25},"end":{"line":18,"column":31}},"9":{"start":{"line":20,"column":22},"end":{"line":20,"column":43}},"10":{"start":{"line":21,"column":4},"end":{"line":21,"column":26}},"11":{"start":{"line":21,"column":20},"end":{"line":21,"column":26}},"12":{"start":{"line":23,"column":4},"end":{"line":23,"column":92}},"13":{"start":{"line":23,"column":86},"end":{"line":23,"column":92}},"14":{"start":{"line":26,"column":6},"end":{"line":27,"column":28}},"15":{"start":{"line":29,"column":6},"end":{"line":30,"column":27}},"16":{"start":{"line":32,"column":4},"end":{"line":42,"column":5}},"17":{"start":{"line":37,"column":18},"end":{"line":37,"column":39}},"18":{"start":{"line":38,"column":6},"end":{"line":40,"column":7}},"19":{"start":{"line":39,"column":8},"end":{"line":39,"column":20}},"20":{"start":{"line":41,"column":6},"end":{"line":41,"column":12}},"21":{"start":{"line":44,"column":4},"end":{"line":46,"column":5}},"22":{"start":{"line":45,"column":6},"end":{"line":45,"column":null}},"23":{"start":{"line":48,"column":24},"end":{"line":48,"column":129}},"24":{"start":{"line":49,"column":30},"end":{"line":49,"column":147}},"25":{"start":{"line":49,"column":79},"end":{"line":49,"column":146}},"26":{"start":{"line":49,"column":120},"end":{"line":49,"column":139}},"27":{"start":{"line":50,"column":4},"end":{"line":50,"column":null}},"28":{"start":{"line":52,"column":16},"end":{"line":52,"column":37}},"29":{"start":{"line":53,"column":4},"end":{"line":55,"column":5}},"30":{"start":{"line":54,"column":6},"end":{"line":54,"column":18}},"31":{"start":{"line":58,"column":27},"end":{"line":63,"column":3}},"32":{"start":{"line":59,"column":23},"end":{"line":59,"column":87}},"33":{"start":{"line":59,"column":52},"end":{"line":59,"column":86}},"34":{"start":{"line":60,"column":4},"end":{"line":62,"column":5}},"35":{"start":{"line":61,"column":6},"end":{"line":61,"column":null}},"36":{"start":{"line":65,"column":46},"end":{"line":65,"column":51}},"37":{"start":{"line":66,"column":17},"end":{"line":66,"column":49}},"38":{"start":{"line":68,"column":2},"end":{"line":74,"column":null}},"39":{"start":{"line":71,"column":8},"end":{"line":71,"column":58}},"40":{"start":{"line":77,"column":0},"end":{"line":77,"column":null}}},"fnMap":{"0":{"name":"(anonymous_1)","decl":{"start":{"line":10,"column":28},"end":{"line":10,"column":33}},"loc":{"start":{"line":10,"column":37},"end":{"line":10,"column":58}}},"1":{"name":"(anonymous_2)","decl":{"start":{"line":15,"column":60},"end":{"line":15,"column":61}},"loc":{"start":{"line":15,"column":100},"end":{"line":75,"column":1}}},"2":{"name":"(anonymous_3)","decl":{"start":{"line":17,"column":24},"end":{"line":17,"column":27}},"loc":{"start":{"line":17,"column":29},"end":{"line":56,"column":3}}},"3":{"name":"(anonymous_4)","decl":{"start":{"line":49,"column":49},"end":{"line":49,"column":50}},"loc":{"start":{"line":49,"column":79},"end":{"line":49,"column":146}}},"4":{"name":"(anonymous_5)","decl":{"start":{"line":49,"column":101},"end":{"line":49,"column":102}},"loc":{"start":{"line":49,"column":120},"end":{"line":49,"column":139}}},"5":{"name":"(anonymous_6)","decl":{"start":{"line":58,"column":27},"end":{"line":58,"column":28}},"loc":{"start":{"line":58,"column":78},"end":{"line":63,"column":3}}},"6":{"name":"(anonymous_7)","decl":{"start":{"line":59,"column":45},"end":{"line":59,"column":46}},"loc":{"start":{"line":59,"column":52},"end":{"line":59,"column":86}}},"7":{"name":"(anonymous_8)","decl":{"start":{"line":70,"column":18},"end":{"line":70,"column":19}},"loc":{"start":{"line":71,"column":8},"end":{"line":71,"column":58}}}},"branchMap":{"0":{"loc":{"start":{"line":18,"column":4},"end":{"line":18,"column":31}},"type":"if","locations":[{"start":{"line":18,"column":4},"end":{"line":18,"column":31}}]},"1":{"loc":{"start":{"line":21,"column":4},"end":{"line":21,"column":26}},"type":"if","locations":[{"start":{"line":21,"column":4},"end":{"line":21,"column":26}}]},"2":{"loc":{"start":{"line":23,"column":4},"end":{"line":23,"column":92}},"type":"if","locations":[{"start":{"line":23,"column":4},"end":{"line":23,"column":92}}]},"3":{"loc":{"start":{"line":23,"column":8},"end":{"line":23,"column":84}},"type":"binary-expr","locations":[{"start":{"line":23,"column":8},"end":{"line":23,"column":29}},{"start":{"line":23,"column":33},"end":{"line":23,"column":53}},{"start":{"line":23,"column":57},"end":{"line":23,"column":84}}]},"4":{"loc":{"start":{"line":26,"column":15},"end":{"line":26,"column":83}},"type":"binary-expr","locations":[{"start":{"line":26,"column":15},"end":{"line":26,"column":77}},{"start":{"line":26,"column":81},"end":{"line":26,"column":83}}]},"5":{"loc":{"start":{"line":29,"column":15},"end":{"line":29,"column":82}},"type":"binary-expr","locations":[{"start":{"line":29,"column":15},"end":{"line":29,"column":76}},{"start":{"line":29,"column":80},"end":{"line":29,"column":82}}]},"6":{"loc":{"start":{"line":32,"column":4},"end":{"line":42,"column":5}},"type":"if","locations":[{"start":{"line":32,"column":4},"end":{"line":42,"column":5}}]},"7":{"loc":{"start":{"line":33,"column":6},"end":{"line":35,"column":77}},"type":"binary-expr","locations":[{"start":{"line":33,"column":6},"end":{"line":33,"column":30}},{"start":{"line":34,"column":6},"end":{"line":34,"column":28}},{"start":{"line":35,"column":6},"end":{"line":35,"column":77}}]},"8":{"loc":{"start":{"line":38,"column":6},"end":{"line":40,"column":7}},"type":"if","locations":[{"start":{"line":38,"column":6},"end":{"line":40,"column":7}}]},"9":{"loc":{"start":{"line":44,"column":4},"end":{"line":46,"column":5}},"type":"if","locations":[{"start":{"line":44,"column":4},"end":{"line":46,"column":5}}]},"10":{"loc":{"start":{"line":53,"column":4},"end":{"line":55,"column":5}},"type":"if","locations":[{"start":{"line":53,"column":4},"end":{"line":55,"column":5}}]},"11":{"loc":{"start":{"line":59,"column":52},"end":{"line":59,"column":86}},"type":"binary-expr","locations":[{"start":{"line":59,"column":52},"end":{"line":59,"column":69}},{"start":{"line":59,"column":73},"end":{"line":59,"column":86}}]},"12":{"loc":{"start":{"line":60,"column":4},"end":{"line":62,"column":5}},"type":"if","locations":[{"start":{"line":60,"column":4},"end":{"line":62,"column":5}}]}},"s":{"0":1,"1":1,"2":1,"3":1,"4":5,"5":1,"6":5,"7":3,"8":0,"9":3,"10":3,"11":0,"12":3,"13":0,"14":3,"15":3,"16":3,"17":1,"18":1,"19":1,"20":1,"21":2,"22":1,"23":2,"24":2,"25":2,"26":2,"27":2,"28":2,"29":2,"30":2,"31":5,"32":1,"33":1,"34":1,"35":1,"36":5,"37":5,"38":5,"39":6,"40":1},"f":{"0":5,"1":5,"2":3,"3":2,"4":2,"5":1,"6":1,"7":6},"b":{"0":[0],"1":[0],"2":[0],"3":[3,3,3],"4":[3,0],"5":[3,0],"6":[1],"7":[3,3,3],"8":[1],"9":[1],"10":[2],"11":[1,1],"12":[1]}}
}
