TN:
SF:src/functions.tsx
FN:4,(anonymous_1)
FN:8,(anonymous_2)
FN:35,(anonymous_3)
FN:39,(anonymous_4)
FN:71,(anonymous_5)
FN:80,(anonymous_6)
FNF:6
FNH:6
FNDA:6,(anonymous_1)
FNDA:3,(anonymous_2)
FNDA:2,(anonymous_3)
FNDA:3,(anonymous_4)
FNDA:8,(anonymous_5)
FNDA:5,(anonymous_6)
DA:1,2
DA:4,2
DA:5,6
DA:6,6
DA:8,6
DA:9,3
DA:10,3
DA:11,1
DA:17,3
DA:22,3
DA:24,6
DA:25,6
DA:32,6
DA:35,2
DA:36,2
DA:37,2
DA:39,3
DA:40,3
DA:41,3
DA:42,2
DA:43,2
DA:51,3
DA:56,3
DA:59,2
DA:60,1
DA:68,2
DA:71,2
DA:72,8
DA:73,8
DA:74,7
DA:77,8
DA:80,2
DA:81,5
DA:83,4
DA:84,4
DA:85,4
DA:88,4
DA:89,4
DA:93,2
DA:95,4
LF:40
LH:40
BRDA:10,0,0,1
BRDA:24,1,0,6
BRDA:41,2,0,2
BRDA:73,3,0,7
BRDA:73,4,0,8
BRDA:73,4,1,7
BRDA:77,5,0,8
BRDA:77,5,1,6
BRDA:81,6,0,1
BRDA:84,7,0,4
BRDA:84,8,0,4
BRDA:84,8,1,4
BRDA:89,9,0,2
BRDA:90,10,0,4
BRDA:90,10,1,3
BRDA:90,10,2,2
BRF:16
BRH:16
end_of_record
TN:
SF:src/components/Mark.tsx
FN:4,(anonymous_0)
FN:13,(anonymous_1)
FNF:2
FNH:2
FNDA:1,(anonymous_0)
FNDA:1,(anonymous_1)
DA:4,1
DA:5,1
DA:7,1
DA:13,1
DA:21,1
LF:5
LH:5
BRDA:10,0,0,1
BRDA:10,0,1,0
BRF:2
BRH:1
end_of_record
TN:
SF:src/components/Splitter.tsx
FN:5,(anonymous_1)
FN:12,(anonymous_2)
FNF:2
FNH:2
FNDA:9,(anonymous_1)
FNDA:1,(anonymous_2)
DA:2,2
DA:5,2
DA:6,9
DA:8,7
DA:12,1
DA:19,2
LF:6
LH:6
BRDA:6,0,0,2
BRF:1
BRH:1
end_of_record
TN:
SF:src/components/TextWrapper.tsx
FN:10,(anonymous_1)
FN:15,(anonymous_2)
FN:17,(anonymous_3)
FN:49,(anonymous_4)
FN:49,(anonymous_5)
FN:58,(anonymous_6)
FN:59,(anonymous_7)
FN:70,(anonymous_8)
FNF:8
FNH:8
FNDA:5,(anonymous_1)
FNDA:5,(anonymous_2)
FNDA:3,(anonymous_3)
FNDA:2,(anonymous_4)
FNDA:2,(anonymous_5)
FNDA:1,(anonymous_6)
FNDA:1,(anonymous_7)
FNDA:6,(anonymous_8)
DA:2,1
DA:3,1
DA:5,1
DA:7,1
DA:10,5
DA:15,1
DA:17,5
DA:18,3
DA:20,3
DA:21,3
DA:23,3
DA:26,3
DA:29,3
DA:32,3
DA:37,1
DA:38,1
DA:39,1
DA:41,1
DA:44,2
DA:45,1
DA:48,2
DA:49,2
DA:50,2
DA:52,2
DA:53,2
DA:54,2
DA:58,5
DA:59,1
DA:60,1
DA:61,1
DA:65,5
DA:66,5
DA:68,5
DA:71,6
DA:77,1
LF:35
LH:35
BRDA:18,0,0,0
BRDA:21,1,0,0
BRDA:23,2,0,0
BRDA:23,3,0,3
BRDA:23,3,1,3
BRDA:23,3,2,3
BRDA:26,4,0,3
BRDA:26,4,1,0
BRDA:29,5,0,3
BRDA:29,5,1,0
BRDA:32,6,0,1
BRDA:33,7,0,3
BRDA:33,7,1,3
BRDA:33,7,2,3
BRDA:38,8,0,1
BRDA:44,9,0,1
BRDA:53,10,0,2
BRDA:59,11,0,1
BRDA:59,11,1,1
BRDA:60,12,0,1
BRF:20
BRH:15
end_of_record
